#
# A fatal error has been detected by the Java Runtime Environment:
#
#  EXCEPTION_ACCESS_VIOLATION (0xc0000005) at pc=0x00007ffa71f67ee6, pid=3684, tid=11856
#
# JRE version: OpenJDK Runtime Environment Temurin-17.0.8.1+1 (17.0.8.1+1) (build 17.0.8.1+1)
# Java VM: OpenJDK 64-Bit Server VM Temurin-17.0.8.1+1 (17.0.8.1+1, mixed mode, tiered, compressed oops, compressed class ptrs, parallel gc, windows-amd64)
# Problematic frame:
# V  [jvm.dll+0x6c7ee6]
#
# No core dump will be written. Minidumps are not enabled by default on client versions of Windows
#
# If you would like to submit a bug report, please visit:
#   https://github.com/adoptium/adoptium-support/issues
#

---------------  S U M M A R Y ------------

Command Line: --add-modules=ALL-SYSTEM --add-opens=java.base/java.util=ALL-UNNAMED --add-opens=java.base/java.lang=ALL-UNNAMED --add-opens=java.base/sun.nio.fs=ALL-UNNAMED -Declipse.application=org.eclipse.jdt.ls.core.id1 -Dosgi.bundles.defaultStartLevel=4 -Declipse.product=org.eclipse.jdt.ls.core.product -Djava.import.generatesMetadataFilesAtProjectRoot=false -DDetectVMInstallationsJob.disabled=true -Dfile.encoding=utf8 -XX:+UseParallelGC -XX:GCTimeRatio=4 -XX:AdaptiveSizePolicyWeight=90 -Dsun.zip.disableMemoryMapping=true -Xmx1G -Xms100m -Xlog:disable -javaagent:c:\Users\PeerasinPC\.vscode\extensions\redhat.java-1.24.0-win32-x64\lombok\lombok-1.18.30.jar c:\Users\PeerasinPC\.vscode\extensions\redhat.java-1.24.0-win32-x64\server\plugins\org.eclipse.equinox.launcher_1.6.500.v20230717-2134.jar -configuration c:\Users\PeerasinPC\AppData\Roaming\Code\User\globalStorage\redhat.java\1.24.0\config_ss_win -data c:\Users\PeerasinPC\AppData\Roaming\Code\User\workspaceStorage\7d8cf59796ac9074a32cac04e6e5f274\redhat.java\ss_ws --stdio

Host: 12th Gen Intel(R) Core(TM) i5-12400, 12 cores, 15G,  Windows 10 , 64 bit Build 19041 (10.0.19041.3570)
Time: Mon Nov 13 01:07:23 2023 SE Asia Standard Time elapsed time: 3.930144 seconds (0d 0h 0m 3s)

---------------  T H R E A D  ---------------

Current thread (0x00000272142a7ea0):  JavaThread "C2 CompilerThread0" daemon [_thread_in_native, id=11856, stack(0x000000c66ab00000,0x000000c66ac00000)]


Current CompileTask:
C2:   3930 2625       4       org.eclipse.debug.internal.core.LaunchManager$ResourceProxyVisitor::visit (68 bytes)

Stack: [0x000000c66ab00000,0x000000c66ac00000],  sp=0x000000c66abfb6e0,  free space=1005k
Native frames: (J=compiled Java code, j=interpreted, Vv=VM code, C=native code)
V  [jvm.dll+0x6c7ee6]
V  [jvm.dll+0x6c839e]
V  [jvm.dll+0x6c547f]
V  [jvm.dll+0x1bd101]
V  [jvm.dll+0x219d49]
V  [jvm.dll+0x219011]
V  [jvm.dll+0x1a534d]
V  [jvm.dll+0x228d8a]
V  [jvm.dll+0x226dcc]
V  [jvm.dll+0x7ec09b]
V  [jvm.dll+0x7e64ca]
V  [jvm.dll+0x677955]
C  [ucrtbase.dll+0x21bb2]
C  [KERNEL32.DLL+0x17344]
C  [ntdll.dll+0x526b1]


siginfo: EXCEPTION_ACCESS_VIOLATION (0xc0000005), reading address 0x0000027a15d041c8


Register to memory mapping:

RIP=0x00007ffa71f67ee6 jvm.dll
RAX=0x00000000ffffffff is an unallocated location in the heap
RBX=0x5555555555555555 is an unknown value
RCX=0x0000027215d041d0 points into unknown readable memory: 0xaaad57d555695956 | 56 59 69 55 d5 57 ad aa
RDX=0x0 is NULL
RSP=0x000000c66abfb6e0 is pointing into the stack for thread: 0x00000272142a7ea0
RBP=0x000000c66abfb820 is pointing into the stack for thread: 0x00000272142a7ea0
RSI=0x0101010101010101 is an unknown value
RDI=0x0f0f0f0f0f0f0f0f is an unknown value
R8 =0x0 is NULL
R9 =0x0000027215d041d0 points into unknown readable memory: 0xaaad57d555695956 | 56 59 69 55 d5 57 ad aa
R10=0x00000000ffffffff is an unallocated location in the heap
R11=0x3333333333333333 is an unknown value
R12=0x00000272178eee90 points into unknown readable memory: 0x00007ffa721d19b8 | b8 19 1d 72 fa 7f 00 00
R13=0x000000c66abfbf90 is pointing into the stack for thread: 0x00000272142a7ea0
R14=0x0 is NULL
R15=0x0000000000000400 is an unknown value


Registers:
RAX=0x00000000ffffffff, RBX=0x5555555555555555, RCX=0x0000027215d041d0, RDX=0x0000000000000000
RSP=0x000000c66abfb6e0, RBP=0x000000c66abfb820, RSI=0x0101010101010101, RDI=0x0f0f0f0f0f0f0f0f
R8 =0x0000000000000000, R9 =0x0000027215d041d0, R10=0x00000000ffffffff, R11=0x3333333333333333
R12=0x00000272178eee90, R13=0x000000c66abfbf90, R14=0x0000000000000000, R15=0x0000000000000400
RIP=0x00007ffa71f67ee6, EFLAGS=0x0000000000010256

Top of Stack: (sp=0x000000c66abfb6e0)
0x000000c66abfb6e0:   0000000000000003 00007ffa71f6839e
0x000000c66abfb6f0:   0000027215d041d0 0000000000000000
0x000000c66abfb700:   0000000000000000 0000000000007fd8
0x000000c66abfb710:   0000027215d041d0 00007ffa71f6547f
0x000000c66abfb720:   0000027215d041d0 000000c66abfbcd0
0x000000c66abfb730:   000000c66abfbcd0 00007ffab18030ce
0x000000c66abfb740:   0000000000000048 0000000000000001
0x000000c66abfb750:   0000000000000000 0000000000000000
0x000000c66abfb760:   0000000000000000 0000000000000000
0x000000c66abfb770:   0000000000000048 0000000000000001
0x000000c66abfb780:   000000c600000002 0000027215ae6d30
0x000000c66abfb790:   0000000200000800 00007ffa00001eee
0x000000c66abfb7a0:   0000000000000000 00000272178eee90
0x000000c66abfb7b0:   00007ffa00000002 00000272187a0580
0x000000c66abfb7c0:   0000015200000000 00000272187a4580
0x000000c66abfb7d0:   0000027215bb68a0 000000000004c030 

Instructions: (pc=0x00007ffa71f67ee6)
0x00007ffa71f67de6:   ca 2e 00 48 89 45 a8 48 8d 05 14 ca 2e 00 48 89
0x00007ffa71f67df6:   45 b0 48 8d 05 11 ca 2e 00 48 89 45 b8 48 8d 05
0x00007ffa71f67e06:   0e ca 2e 00 48 89 45 c0 48 8d 05 0b ca 2e 00 48
0x00007ffa71f67e16:   89 45 c8 48 8d 05 08 ca 2e 00 48 89 45 d0 48 8d
0x00007ffa71f67e26:   05 05 ca 2e 00 48 89 45 d8 48 8d 05 02 ca 2e 00
0x00007ffa71f67e36:   48 89 45 e0 48 8d 05 ff c9 2e 00 48 89 45 e8 48
0x00007ffa71f67e46:   8d 05 fc c9 2e 00 48 89 45 f0 48 8d 05 f9 c9 2e
0x00007ffa71f67e56:   00 48 89 45 f8 48 83 f9 1f 77 09 48 63 c1 48 8b
0x00007ffa71f67e66:   04 c4 eb 07 48 8d 05 e7 c9 2e 00 48 8b 4d 00 48
0x00007ffa71f67e76:   33 cc e8 83 8d 1c 00 48 81 c4 10 01 00 00 5d c3
0x00007ffa71f67e86:   cc cc cc cc cc cc cc cc cc cc 48 83 ec 08 44 8b
0x00007ffa71f67e96:   51 5c 33 d2 44 8b 41 58 4c 8b c9 45 3b c2 0f 87
0x00007ffa71f67ea6:   86 00 00 00 48 89 5c 24 10 49 bb 33 33 33 33 33
0x00007ffa71f67eb6:   33 33 33 48 89 74 24 18 48 bb 55 55 55 55 55 55
0x00007ffa71f67ec6:   55 55 48 89 3c 24 48 be 01 01 01 01 01 01 01 01
0x00007ffa71f67ed6:   48 bf 0f 0f 0f 0f 0f 0f 0f 0f 41 8b c0 41 ff c0
0x00007ffa71f67ee6:   49 8b 0c c1 48 8b c1 48 d1 e8 48 23 c3 48 2b c8
0x00007ffa71f67ef6:   48 8b c1 49 23 cb 48 c1 e8 02 49 23 c3 48 03 c1
0x00007ffa71f67f06:   48 8b c8 48 c1 e9 04 48 03 c8 48 23 cf 48 0f af
0x00007ffa71f67f16:   ce 48 c1 e9 38 03 d1 45 3b c2 76 be 48 8b 3c 24
0x00007ffa71f67f26:   48 8b 74 24 18 48 8b 5c 24 10 8b c2 48 83 c4 08
0x00007ffa71f67f36:   c3 cc cc cc cc cc cc cc cc cc 8b 41 58 4c 8b d1
0x00007ffa71f67f46:   3b 41 5c 77 3f 49 bb 55 55 55 55 55 55 55 d5 66
0x00007ffa71f67f56:   66 66 0f 1f 84 00 00 00 00 00 8b d0 ff c0 4d 8b
0x00007ffa71f67f66:   04 d2 4d 8d 0c d2 49 8b d0 49 23 d3 48 03 d2 4c
0x00007ffa71f67f76:   23 c2 49 8b c8 48 d1 e9 49 0b c8 49 89 09 41 3b
0x00007ffa71f67f86:   42 5c 76 d6 c3 cc cc cc cc cc 48 83 ec 08 44 8b
0x00007ffa71f67f96:   c2 4c 8b d9 83 fa 01 0f 84 a7 00 00 00 44 8b 51
0x00007ffa71f67fa6:   58 41 8b c0 48 c1 e8 02 48 89 3c 24 48 8d 3d cf
0x00007ffa71f67fb6:   c8 2e 00 48 8b 3c c7 44 3b 51 5c 0f 87 7f 00 00
0x00007ffa71f67fc6:   00 48 89 5c 24 10 0f 1f 40 00 41 8b c2 4d 8b 0c
0x00007ffa71f67fd6:   c3 49 8d 1c c3 49 8b c1 48 23 c7 41 83 f8 01 76 


Stack slot to memory mapping:
stack at sp + 0 slots: 0x0000000000000003 is an unknown value
stack at sp + 1 slots: 0x00007ffa71f6839e jvm.dll
stack at sp + 2 slots: 0x0000027215d041d0 points into unknown readable memory: 0xaaad57d555695956 | 56 59 69 55 d5 57 ad aa
stack at sp + 3 slots: 0x0 is NULL
stack at sp + 4 slots: 0x0 is NULL
stack at sp + 5 slots: 0x0000000000007fd8 is an unknown value
stack at sp + 6 slots: 0x0000027215d041d0 points into unknown readable memory: 0xaaad57d555695956 | 56 59 69 55 d5 57 ad aa
stack at sp + 7 slots: 0x00007ffa71f6547f jvm.dll


---------------  P R O C E S S  ---------------

Threads class SMR info:
_java_thread_list=0x00000272181b3d50, length=24, elements={
0x0000027276478d40, 0x000002727653e900, 0x0000027214286300, 0x000002727b2fa020,
0x000002727b2fcbc0, 0x000002727b2fdef0, 0x00000272142a5160, 0x00000272142a7ea0,
0x00000272142ad980, 0x00000272142ae640, 0x00000272143ba3b0, 0x000002721460e900,
0x00000272161020e0, 0x0000027215e7f920, 0x0000027216137ce0, 0x0000027216129740,
0x0000027216296cd0, 0x00000272163714c0, 0x00000272163719d0, 0x0000027216371ee0,
0x000002721787ffa0, 0x000002721796c860, 0x0000027216370fb0, 0x00000272163723f0
}

Java Threads: ( => current thread )
  0x0000027276478d40 JavaThread "main" [_thread_in_vm, id=5576, stack(0x000000c66a200000,0x000000c66a300000)]
  0x000002727653e900 JavaThread "Reference Handler" daemon [_thread_blocked, id=10584, stack(0x000000c66a500000,0x000000c66a600000)]
  0x0000027214286300 JavaThread "Finalizer" daemon [_thread_blocked, id=19964, stack(0x000000c66a600000,0x000000c66a700000)]
  0x000002727b2fa020 JavaThread "Signal Dispatcher" daemon [_thread_blocked, id=14056, stack(0x000000c66a700000,0x000000c66a800000)]
  0x000002727b2fcbc0 JavaThread "Attach Listener" daemon [_thread_blocked, id=7148, stack(0x000000c66a800000,0x000000c66a900000)]
  0x000002727b2fdef0 JavaThread "Service Thread" daemon [_thread_blocked, id=7956, stack(0x000000c66a900000,0x000000c66aa00000)]
  0x00000272142a5160 JavaThread "Monitor Deflation Thread" daemon [_thread_blocked, id=14856, stack(0x000000c66aa00000,0x000000c66ab00000)]
=>0x00000272142a7ea0 JavaThread "C2 CompilerThread0" daemon [_thread_in_native, id=11856, stack(0x000000c66ab00000,0x000000c66ac00000)]
  0x00000272142ad980 JavaThread "C1 CompilerThread0" daemon [_thread_blocked, id=13384, stack(0x000000c66ac00000,0x000000c66ad00000)]
  0x00000272142ae640 JavaThread "Sweeper thread" daemon [_thread_blocked, id=3732, stack(0x000000c66ad00000,0x000000c66ae00000)]
  0x00000272143ba3b0 JavaThread "Common-Cleaner" daemon [_thread_blocked, id=3680, stack(0x000000c66ae00000,0x000000c66af00000)]
  0x000002721460e900 JavaThread "Notification Thread" daemon [_thread_blocked, id=13832, stack(0x000000c66b000000,0x000000c66b100000)]
  0x00000272161020e0 JavaThread "Active Thread: Equinox Container: fc41b83c-20a5-496c-83d3-c4f0a13e98bd" [_thread_blocked, id=12668, stack(0x000000c66b900000,0x000000c66ba00000)]
  0x0000027215e7f920 JavaThread "Framework Event Dispatcher: Equinox Container: fc41b83c-20a5-496c-83d3-c4f0a13e98bd" daemon [_thread_blocked, id=13308, stack(0x000000c66af00000,0x000000c66b000000)]
  0x0000027216137ce0 JavaThread "Start Level: Equinox Container: fc41b83c-20a5-496c-83d3-c4f0a13e98bd" daemon [_thread_blocked, id=21372, stack(0x000000c66b200000,0x000000c66b300000)]
  0x0000027216129740 JavaThread "SCR Component Actor" daemon [_thread_blocked, id=18052, stack(0x000000c66ba00000,0x000000c66bb00000)]
  0x0000027216296cd0 JavaThread "SCR Component Registry" daemon [_thread_blocked, id=12308, stack(0x000000c66bc00000,0x000000c66bd00000)]
  0x00000272163714c0 JavaThread "Worker-JM" [_thread_blocked, id=17464, stack(0x000000c66bd00000,0x000000c66be00000)]
  0x00000272163719d0 JavaThread "Worker-0" [_thread_blocked, id=8004, stack(0x000000c66c200000,0x000000c66c300000)]
  0x0000027216371ee0 JavaThread "Worker-1" [_thread_blocked, id=2060, stack(0x000000c66c300000,0x000000c66c400000)]
  0x000002721787ffa0 JavaThread "C2 CompilerThread1" daemon [_thread_in_native, id=13248, stack(0x000000c66be00000,0x000000c66bf00000)]
  0x000002721796c860 JavaThread "C2 CompilerThread2" daemon [_thread_blocked, id=2592, stack(0x000000c66c100000,0x000000c66c200000)]
  0x0000027216370fb0 JavaThread "JNA Cleaner" daemon [_thread_blocked, id=18304, stack(0x000000c66c400000,0x000000c66c500000)]
  0x00000272163723f0 JavaThread "pool-2-thread-1" [_thread_blocked, id=8936, stack(0x000000c66c700000,0x000000c66c800000)]

Other Threads:
  0x000002727b2efc40 VMThread "VM Thread" [stack: 0x000000c66a400000,0x000000c66a500000] [id=4560]
  0x00000272158388c0 WatcherThread [stack: 0x000000c66b100000,0x000000c66b200000] [id=13760]
  0x000002727648f2b0 GCTaskThread "GC Thread#0" [stack: 0x000000c66a300000,0x000000c66a400000] [id=21376]
  0x0000027215f69850 GCTaskThread "GC Thread#1" [stack: 0x000000c66b300000,0x000000c66b400000] [id=10772]
  0x0000027215f69f20 GCTaskThread "GC Thread#2" [stack: 0x000000c66b400000,0x000000c66b500000] [id=14308]
  0x0000027215f6a1e0 GCTaskThread "GC Thread#3" [stack: 0x000000c66b500000,0x000000c66b600000] [id=10976]
  0x0000027215f6a4a0 GCTaskThread "GC Thread#4" [stack: 0x000000c66b600000,0x000000c66b700000] [id=17648]
  0x0000027215f6a760 GCTaskThread "GC Thread#5" [stack: 0x000000c66b700000,0x000000c66b800000] [id=20896]
  0x0000027215f6aa20 GCTaskThread "GC Thread#6" [stack: 0x000000c66b800000,0x000000c66b900000] [id=14468]
  0x0000027216287980 GCTaskThread "GC Thread#7" [stack: 0x000000c66bb00000,0x000000c66bc00000] [id=4836]
  0x00000272163e8f70 GCTaskThread "GC Thread#8" [stack: 0x000000c66bf00000,0x000000c66c000000] [id=13252]
  0x00000272163c3960 GCTaskThread "GC Thread#9" [stack: 0x000000c66c000000,0x000000c66c100000] [id=4716]

Threads with active compile tasks:
C2 CompilerThread0     3946 2625       4       org.eclipse.debug.internal.core.LaunchManager$ResourceProxyVisitor::visit (68 bytes)
C2 CompilerThread1     3946 2850       4       jdk.internal.org.objectweb.asm.Frame::execute (2318 bytes)

VM state: not at safepoint (normal execution)

VM Mutex/Monitor currently owned by a thread: None

Heap address: 0x00000000c0000000, size: 1024 MB, Compressed Oops mode: 32-bit

CDS archive(s) not mapped
Compressed class space mapped at: 0x0000000100000000-0x0000000140000000, reserved size: 1073741824
Narrow klass base: 0x0000000000000000, Narrow klass shift: 3, Narrow klass range: 0x140000000

GC Precious Log:
 CPUs: 12 total, 12 available
 Memory: 16162M
 Large Page Support: Disabled
 NUMA Support: Disabled
 Compressed Oops: Enabled (32-bit)
 Alignments: Space 512K, Generation 512K, Heap 2M
 Heap Min Capacity: 100M
 Heap Initial Capacity: 100M
 Heap Max Capacity: 1G
 Pre-touch: Disabled
 Parallel Workers: 10

Heap:
 PSYoungGen      total 25088K, used 13875K [0x00000000eab00000, 0x00000000ec900000, 0x0000000100000000)
  eden space 23040K, 56% used [0x00000000eab00000,0x00000000eb7b19d0,0x00000000ec180000)
  from space 2048K, 42% used [0x00000000ec580000,0x00000000ec65b4a0,0x00000000ec780000)
  to   space 1536K, 0% used [0x00000000ec780000,0x00000000ec780000,0x00000000ec900000)
 ParOldGen       total 68608K, used 18381K [0x00000000c0000000, 0x00000000c4300000, 0x00000000eab00000)
  object space 68608K, 26% used [0x00000000c0000000,0x00000000c11f3560,0x00000000c4300000)
 Metaspace       used 32415K, committed 33024K, reserved 1114112K
  class space    used 3214K, committed 3456K, reserved 1048576K

Card table byte_map: [0x0000027275e20000,0x0000027276030000] _byte_map_base: 0x0000027275820000

Marking Bits: (ParMarkBitMap*) 0x00007ffa724283a0
 Begin Bits: [0x0000027279100000, 0x000002727a100000)
 End Bits:   [0x000002727a100000, 0x000002727b100000)

Polling page: 0x0000027274450000

Metaspace:

Usage:
  Non-class:     28.52 MB used.
      Class:      3.14 MB used.
       Both:     31.66 MB used.

Virtual space:
  Non-class space:       64.00 MB reserved,      28.88 MB ( 45%) committed,  1 nodes.
      Class space:        1.00 GB reserved,       3.38 MB ( <1%) committed,  1 nodes.
             Both:        1.06 GB reserved,      32.25 MB (  3%) committed. 

Chunk freelists:
   Non-Class:  2.25 MB
       Class:  12.64 MB
        Both:  14.89 MB

MaxMetaspaceSize: unlimited
CompressedClassSpaceSize: 1.00 GB
Initial GC threshold: 21.00 MB
Current GC threshold: 35.00 MB
CDS: off
MetaspaceReclaimPolicy: balanced
 - commit_granule_bytes: 65536.
 - commit_granule_words: 8192.
 - virtual_space_node_default_size: 8388608.
 - enlarge_chunks_in_place: 1.
 - new_chunks_are_fully_committed: 0.
 - uncommit_free_chunks: 1.
 - use_allocation_guard: 0.
 - handle_deallocations: 1.


Internal statistics:

num_allocs_failed_limit: 3.
num_arena_births: 340.
num_arena_deaths: 14.
num_vsnodes_births: 2.
num_vsnodes_deaths: 0.
num_space_committed: 516.
num_space_uncommitted: 0.
num_chunks_returned_to_freelist: 17.
num_chunks_taken_from_freelist: 1281.
num_chunk_merges: 7.
num_chunk_splits: 838.
num_chunks_enlarged: 567.
num_inconsistent_stats: 0.

CodeHeap 'non-profiled nmethods': size=120000Kb used=1420Kb max_used=1420Kb free=118579Kb
 bounds [0x0000027207ad0000, 0x0000027207d40000, 0x000002720f000000]
CodeHeap 'profiled nmethods': size=120000Kb used=5645Kb max_used=5645Kb free=114354Kb
 bounds [0x0000027200000000, 0x0000027200590000, 0x0000027207530000]
CodeHeap 'non-nmethods': size=5760Kb used=1253Kb max_used=1299Kb free=4506Kb
 bounds [0x0000027207530000, 0x00000272077a0000, 0x0000027207ad0000]
 total_blobs=3440 nmethods=2872 adapters=482
 compilation: enabled
              stopped_count=0, restarted_count=0
 full_count=0

Compilation events (20 events):
Event: 3.898 Thread 0x00000272142ad980 2834       3       org.eclipse.osgi.storage.bundlefile.ZipBundleFile$1::next (18 bytes)
Event: 3.898 Thread 0x00000272142ad980 nmethod 2834 0x0000027200565010 code [0x00000272005651c0, 0x0000027200565538]
Event: 3.898 Thread 0x00000272142ad980 2832       3       org.eclipse.osgi.storage.bundlefile.ZipBundleFile$1::hasNext (10 bytes)
Event: 3.898 Thread 0x00000272142ad980 nmethod 2832 0x0000027200565690 code [0x0000027200565840, 0x0000027200565a08]
Event: 3.898 Thread 0x00000272142ad980 2833       3       org.eclipse.osgi.storage.bundlefile.ZipBundleFile$1::next (5 bytes)
Event: 3.898 Thread 0x00000272142ad980 nmethod 2833 0x0000027200565b10 code [0x0000027200565ce0, 0x00000272005660b8]
Event: 3.898 Thread 0x000002721787ffa0 nmethod 2825 0x0000027207c20710 code [0x0000027207c208e0, 0x0000027207c20f78]
Event: 3.898 Thread 0x000002721787ffa0 2835       4       java.lang.String::newStringUTF8NoRepl (274 bytes)
Event: 3.901 Thread 0x000002721787ffa0 nmethod 2835 0x0000027207c21410 code [0x0000027207c215a0, 0x0000027207c21b18]
Event: 3.908 Thread 0x00000272142ad980 2836   !   3       org.eclipse.osgi.internal.loader.classpath.ClasspathManager::findClassImpl (308 bytes)
Event: 3.908 Thread 0x000002721787ffa0 2838       4       java.lang.ref.Reference::refersTo (6 bytes)
Event: 3.908 Thread 0x000002721787ffa0 nmethod 2838 0x0000027207c21e10 code [0x0000027207c21f80, 0x0000027207c22018]
Event: 3.909 Thread 0x00000272142ad980 nmethod 2836 0x0000027200566210 code [0x0000027200566aa0, 0x000002720056ac98]
Event: 3.909 Thread 0x00000272142ad980 2837       3       org.eclipse.osgi.internal.loader.classpath.ClasspathEntry::findEntry (56 bytes)
Event: 3.910 Thread 0x00000272142ad980 nmethod 2837 0x000002720056c610 code [0x000002720056c820, 0x000002720056cf28]
Event: 3.911 Thread 0x000002721787ffa0 2841       4       java.util.concurrent.locks.ReentrantLock$NonfairSync::initialTryLock (58 bytes)
Event: 3.912 Thread 0x000002721787ffa0 nmethod 2841 0x0000027207c22710 code [0x0000027207c22880, 0x0000027207c22978]
Event: 3.921 Thread 0x000002721787ffa0 2842       4       java.lang.StringConcatHelper::prepend (37 bytes)
Event: 3.922 Thread 0x000002721796c860 nmethod 2626 0x0000027207c22a10 code [0x0000027207c22fc0, 0x0000027207c2af28]
Event: 3.922 Thread 0x000002721787ffa0 nmethod 2842 0x0000027207c30190 code [0x0000027207c30320, 0x0000027207c30498]

GC Heap History (20 events):
Event: 0.576 GC heap before
{Heap before GC invocations=1 (full 0):
 PSYoungGen      total 29696K, used 25600K [0x00000000eab00000, 0x00000000ecc00000, 0x0000000100000000)
  eden space 25600K, 100% used [0x00000000eab00000,0x00000000ec400000,0x00000000ec400000)
  from space 4096K, 0% used [0x00000000ec800000,0x00000000ec800000,0x00000000ecc00000)
  to   space 4096K, 0% used [0x00000000ec400000,0x00000000ec400000,0x00000000ec800000)
 ParOldGen       total 68608K, used 0K [0x00000000c0000000, 0x00000000c4300000, 0x00000000eab00000)
  object space 68608K, 0% used [0x00000000c0000000,0x00000000c0000000,0x00000000c4300000)
 Metaspace       used 11007K, committed 11200K, reserved 1114112K
  class space    used 1099K, committed 1216K, reserved 1048576K
}
Event: 0.580 GC heap after
{Heap after GC invocations=1 (full 0):
 PSYoungGen      total 29696K, used 3155K [0x00000000eab00000, 0x00000000ecc00000, 0x0000000100000000)
  eden space 25600K, 0% used [0x00000000eab00000,0x00000000eab00000,0x00000000ec400000)
  from space 4096K, 77% used [0x00000000ec400000,0x00000000ec714c18,0x00000000ec800000)
  to   space 4096K, 0% used [0x00000000ec800000,0x00000000ec800000,0x00000000ecc00000)
 ParOldGen       total 68608K, used 16K [0x00000000c0000000, 0x00000000c4300000, 0x00000000eab00000)
  object space 68608K, 0% used [0x00000000c0000000,0x00000000c0004000,0x00000000c4300000)
 Metaspace       used 11007K, committed 11200K, reserved 1114112K
  class space    used 1099K, committed 1216K, reserved 1048576K
}
Event: 2.474 GC heap before
{Heap before GC invocations=2 (full 0):
 PSYoungGen      total 29696K, used 28755K [0x00000000eab00000, 0x00000000ecc00000, 0x0000000100000000)
  eden space 25600K, 100% used [0x00000000eab00000,0x00000000ec400000,0x00000000ec400000)
  from space 4096K, 77% used [0x00000000ec400000,0x00000000ec714c18,0x00000000ec800000)
  to   space 4096K, 0% used [0x00000000ec800000,0x00000000ec800000,0x00000000ecc00000)
 ParOldGen       total 68608K, used 16K [0x00000000c0000000, 0x00000000c4300000, 0x00000000eab00000)
  object space 68608K, 0% used [0x00000000c0000000,0x00000000c0004000,0x00000000c4300000)
 Metaspace       used 15168K, committed 15424K, reserved 1114112K
  class space    used 1540K, committed 1664K, reserved 1048576K
}
Event: 2.477 GC heap after
{Heap after GC invocations=2 (full 0):
 PSYoungGen      total 29696K, used 4066K [0x00000000eab00000, 0x00000000ecc00000, 0x0000000100000000)
  eden space 25600K, 0% used [0x00000000eab00000,0x00000000eab00000,0x00000000ec400000)
  from space 4096K, 99% used [0x00000000ec800000,0x00000000ecbf88d8,0x00000000ecc00000)
  to   space 4096K, 0% used [0x00000000ec400000,0x00000000ec400000,0x00000000ec800000)
 ParOldGen       total 68608K, used 720K [0x00000000c0000000, 0x00000000c4300000, 0x00000000eab00000)
  object space 68608K, 1% used [0x00000000c0000000,0x00000000c00b4340,0x00000000c4300000)
 Metaspace       used 15168K, committed 15424K, reserved 1114112K
  class space    used 1540K, committed 1664K, reserved 1048576K
}
Event: 2.777 GC heap before
{Heap before GC invocations=3 (full 0):
 PSYoungGen      total 29696K, used 29666K [0x00000000eab00000, 0x00000000ecc00000, 0x0000000100000000)
  eden space 25600K, 100% used [0x00000000eab00000,0x00000000ec400000,0x00000000ec400000)
  from space 4096K, 99% used [0x00000000ec800000,0x00000000ecbf88d8,0x00000000ecc00000)
  to   space 4096K, 0% used [0x00000000ec400000,0x00000000ec400000,0x00000000ec800000)
 ParOldGen       total 68608K, used 720K [0x00000000c0000000, 0x00000000c4300000, 0x00000000eab00000)
  object space 68608K, 1% used [0x00000000c0000000,0x00000000c00b4340,0x00000000c4300000)
 Metaspace       used 20110K, committed 20480K, reserved 1114112K
  class space    used 2049K, committed 2176K, reserved 1048576K
}
Event: 2.781 GC heap after
{Heap after GC invocations=3 (full 0):
 PSYoungGen      total 29696K, used 4081K [0x00000000eab00000, 0x00000000ecc00000, 0x0000000100000000)
  eden space 25600K, 0% used [0x00000000eab00000,0x00000000eab00000,0x00000000ec400000)
  from space 4096K, 99% used [0x00000000ec400000,0x00000000ec7fc708,0x00000000ec800000)
  to   space 4096K, 0% used [0x00000000ec800000,0x00000000ec800000,0x00000000ecc00000)
 ParOldGen       total 68608K, used 2782K [0x00000000c0000000, 0x00000000c4300000, 0x00000000eab00000)
  object space 68608K, 4% used [0x00000000c0000000,0x00000000c02b7828,0x00000000c4300000)
 Metaspace       used 20110K, committed 20480K, reserved 1114112K
  class space    used 2049K, committed 2176K, reserved 1048576K
}
Event: 2.872 GC heap before
{Heap before GC invocations=4 (full 0):
 PSYoungGen      total 29696K, used 25420K [0x00000000eab00000, 0x00000000ecc00000, 0x0000000100000000)
  eden space 25600K, 83% used [0x00000000eab00000,0x00000000ebfd6b38,0x00000000ec400000)
  from space 4096K, 99% used [0x00000000ec400000,0x00000000ec7fc708,0x00000000ec800000)
  to   space 4096K, 0% used [0x00000000ec800000,0x00000000ec800000,0x00000000ecc00000)
 ParOldGen       total 68608K, used 2782K [0x00000000c0000000, 0x00000000c4300000, 0x00000000eab00000)
  object space 68608K, 4% used [0x00000000c0000000,0x00000000c02b7828,0x00000000c4300000)
 Metaspace       used 21027K, committed 21504K, reserved 1114112K
  class space    used 2151K, committed 2368K, reserved 1048576K
}
Event: 2.876 GC heap after
{Heap after GC invocations=4 (full 0):
 PSYoungGen      total 29696K, used 4064K [0x00000000eab00000, 0x00000000ecc00000, 0x0000000100000000)
  eden space 25600K, 0% used [0x00000000eab00000,0x00000000eab00000,0x00000000ec400000)
  from space 4096K, 99% used [0x00000000ec800000,0x00000000ecbf8200,0x00000000ecc00000)
  to   space 4096K, 0% used [0x00000000ec400000,0x00000000ec400000,0x00000000ec800000)
 ParOldGen       total 68608K, used 12941K [0x00000000c0000000, 0x00000000c4300000, 0x00000000eab00000)
  object space 68608K, 18% used [0x00000000c0000000,0x00000000c0ca37f8,0x00000000c4300000)
 Metaspace       used 21027K, committed 21504K, reserved 1114112K
  class space    used 2151K, committed 2368K, reserved 1048576K
}
Event: 2.876 GC heap before
{Heap before GC invocations=5 (full 1):
 PSYoungGen      total 29696K, used 4064K [0x00000000eab00000, 0x00000000ecc00000, 0x0000000100000000)
  eden space 25600K, 0% used [0x00000000eab00000,0x00000000eab00000,0x00000000ec400000)
  from space 4096K, 99% used [0x00000000ec800000,0x00000000ecbf8200,0x00000000ecc00000)
  to   space 4096K, 0% used [0x00000000ec400000,0x00000000ec400000,0x00000000ec800000)
 ParOldGen       total 68608K, used 12941K [0x00000000c0000000, 0x00000000c4300000, 0x00000000eab00000)
  object space 68608K, 18% used [0x00000000c0000000,0x00000000c0ca37f8,0x00000000c4300000)
 Metaspace       used 21027K, committed 21504K, reserved 1114112K
  class space    used 2151K, committed 2368K, reserved 1048576K
}
Event: 2.892 GC heap after
{Heap after GC invocations=5 (full 1):
 PSYoungGen      total 29696K, used 0K [0x00000000eab00000, 0x00000000ecc00000, 0x0000000100000000)
  eden space 25600K, 0% used [0x00000000eab00000,0x00000000eab00000,0x00000000ec400000)
  from space 4096K, 0% used [0x00000000ec800000,0x00000000ec800000,0x00000000ecc00000)
  to   space 4096K, 0% used [0x00000000ec400000,0x00000000ec400000,0x00000000ec800000)
 ParOldGen       total 68608K, used 16735K [0x00000000c0000000, 0x00000000c4300000, 0x00000000eab00000)
  object space 68608K, 24% used [0x00000000c0000000,0x00000000c1057c08,0x00000000c4300000)
 Metaspace       used 21014K, committed 21504K, reserved 1114112K
  class space    used 2148K, committed 2368K, reserved 1048576K
}
Event: 3.024 GC heap before
{Heap before GC invocations=6 (full 1):
 PSYoungGen      total 29696K, used 25600K [0x00000000eab00000, 0x00000000ecc00000, 0x0000000100000000)
  eden space 25600K, 100% used [0x00000000eab00000,0x00000000ec400000,0x00000000ec400000)
  from space 4096K, 0% used [0x00000000ec800000,0x00000000ec800000,0x00000000ecc00000)
  to   space 4096K, 0% used [0x00000000ec400000,0x00000000ec400000,0x00000000ec800000)
 ParOldGen       total 68608K, used 16735K [0x00000000c0000000, 0x00000000c4300000, 0x00000000eab00000)
  object space 68608K, 24% used [0x00000000c0000000,0x00000000c1057c08,0x00000000c4300000)
 Metaspace       used 24612K, committed 25088K, reserved 1114112K
  class space    used 2418K, committed 2624K, reserved 1048576K
}
Event: 3.024 GC heap after
{Heap after GC invocations=6 (full 1):
 PSYoungGen      total 29184K, used 481K [0x00000000eab00000, 0x00000000ece80000, 0x0000000100000000)
  eden space 25088K, 0% used [0x00000000eab00000,0x00000000eab00000,0x00000000ec380000)
  from space 4096K, 11% used [0x00000000ec400000,0x00000000ec4784e8,0x00000000ec800000)
  to   space 5632K, 0% used [0x00000000ec900000,0x00000000ec900000,0x00000000ece80000)
 ParOldGen       total 68608K, used 16743K [0x00000000c0000000, 0x00000000c4300000, 0x00000000eab00000)
  object space 68608K, 24% used [0x00000000c0000000,0x00000000c1059c08,0x00000000c4300000)
 Metaspace       used 24612K, committed 25088K, reserved 1114112K
  class space    used 2418K, committed 2624K, reserved 1048576K
}
Event: 3.155 GC heap before
{Heap before GC invocations=7 (full 1):
 PSYoungGen      total 29184K, used 25569K [0x00000000eab00000, 0x00000000ece80000, 0x0000000100000000)
  eden space 25088K, 100% used [0x00000000eab00000,0x00000000ec380000,0x00000000ec380000)
  from space 4096K, 11% used [0x00000000ec400000,0x00000000ec4784e8,0x00000000ec800000)
  to   space 5632K, 0% used [0x00000000ec900000,0x00000000ec900000,0x00000000ece80000)
 ParOldGen       total 68608K, used 16743K [0x00000000c0000000, 0x00000000c4300000, 0x00000000eab00000)
  object space 68608K, 24% used [0x00000000c0000000,0x00000000c1059c08,0x00000000c4300000)
 Metaspace       used 27463K, committed 27968K, reserved 1114112K
  class space    used 2653K, committed 2880K, reserved 1048576K
}
Event: 3.156 GC heap after
{Heap after GC invocations=7 (full 1):
 PSYoungGen      total 26112K, used 1120K [0x00000000eab00000, 0x00000000eca80000, 0x0000000100000000)
  eden space 24576K, 0% used [0x00000000eab00000,0x00000000eab00000,0x00000000ec300000)
  from space 1536K, 72% used [0x00000000ec900000,0x00000000eca182d0,0x00000000eca80000)
  to   space 2048K, 0% used [0x00000000ec680000,0x00000000ec680000,0x00000000ec880000)
 ParOldGen       total 68608K, used 16751K [0x00000000c0000000, 0x00000000c4300000, 0x00000000eab00000)
  object space 68608K, 24% used [0x00000000c0000000,0x00000000c105bc08,0x00000000c4300000)
 Metaspace       used 27463K, committed 27968K, reserved 1114112K
  class space    used 2653K, committed 2880K, reserved 1048576K
}
Event: 3.753 GC heap before
{Heap before GC invocations=8 (full 1):
 PSYoungGen      total 26112K, used 25696K [0x00000000eab00000, 0x00000000eca80000, 0x0000000100000000)
  eden space 24576K, 100% used [0x00000000eab00000,0x00000000ec300000,0x00000000ec300000)
  from space 1536K, 72% used [0x00000000ec900000,0x00000000eca182d0,0x00000000eca80000)
  to   space 2048K, 0% used [0x00000000ec680000,0x00000000ec680000,0x00000000ec880000)
 ParOldGen       total 68608K, used 16751K [0x00000000c0000000, 0x00000000c4300000, 0x00000000eab00000)
  object space 68608K, 24% used [0x00000000c0000000,0x00000000c105bc08,0x00000000c4300000)
 Metaspace       used 29893K, committed 30528K, reserved 1114112K
  class space    used 2913K, committed 3136K, reserved 1048576K
}
Event: 3.754 GC heap after
{Heap after GC invocations=8 (full 1):
 PSYoungGen      total 26112K, used 2045K [0x00000000eab00000, 0x00000000ec980000, 0x0000000100000000)
  eden space 24064K, 0% used [0x00000000eab00000,0x00000000eab00000,0x00000000ec280000)
  from space 2048K, 99% used [0x00000000ec680000,0x00000000ec87f538,0x00000000ec880000)
  to   space 1024K, 0% used [0x00000000ec880000,0x00000000ec880000,0x00000000ec980000)
 ParOldGen       total 68608K, used 16775K [0x00000000c0000000, 0x00000000c4300000, 0x00000000eab00000)
  object space 68608K, 24% used [0x00000000c0000000,0x00000000c1061c08,0x00000000c4300000)
 Metaspace       used 29893K, committed 30528K, reserved 1114112K
  class space    used 2913K, committed 3136K, reserved 1048576K
}
Event: 3.775 GC heap before
{Heap before GC invocations=9 (full 1):
 PSYoungGen      total 26112K, used 26109K [0x00000000eab00000, 0x00000000ec980000, 0x0000000100000000)
  eden space 24064K, 100% used [0x00000000eab00000,0x00000000ec280000,0x00000000ec280000)
  from space 2048K, 99% used [0x00000000ec680000,0x00000000ec87f538,0x00000000ec880000)
  to   space 1024K, 0% used [0x00000000ec880000,0x00000000ec880000,0x00000000ec980000)
 ParOldGen       total 68608K, used 16775K [0x00000000c0000000, 0x00000000c4300000, 0x00000000eab00000)
  object space 68608K, 24% used [0x00000000c0000000,0x00000000c1061c08,0x00000000c4300000)
 Metaspace       used 30098K, committed 30656K, reserved 1114112K
  class space    used 2946K, committed 3136K, reserved 1048576K
}
Event: 3.776 GC heap after
{Heap after GC invocations=9 (full 1):
 PSYoungGen      total 24576K, used 1019K [0x00000000eab00000, 0x00000000ec980000, 0x0000000100000000)
  eden space 23552K, 0% used [0x00000000eab00000,0x00000000eab00000,0x00000000ec200000)
  from space 1024K, 99% used [0x00000000ec880000,0x00000000ec97efe0,0x00000000ec980000)
  to   space 2048K, 0% used [0x00000000ec580000,0x00000000ec580000,0x00000000ec780000)
 ParOldGen       total 68608K, used 17745K [0x00000000c0000000, 0x00000000c4300000, 0x00000000eab00000)
  object space 68608K, 25% used [0x00000000c0000000,0x00000000c1154730,0x00000000c4300000)
 Metaspace       used 30098K, committed 30656K, reserved 1114112K
  class space    used 2946K, committed 3136K, reserved 1048576K
}
Event: 3.794 GC heap before
{Heap before GC invocations=10 (full 1):
 PSYoungGen      total 24576K, used 24571K [0x00000000eab00000, 0x00000000ec980000, 0x0000000100000000)
  eden space 23552K, 100% used [0x00000000eab00000,0x00000000ec200000,0x00000000ec200000)
  from space 1024K, 99% used [0x00000000ec880000,0x00000000ec97efe0,0x00000000ec980000)
  to   space 2048K, 0% used [0x00000000ec580000,0x00000000ec580000,0x00000000ec780000)
 ParOldGen       total 68608K, used 17745K [0x00000000c0000000, 0x00000000c4300000, 0x00000000eab00000)
  object space 68608K, 25% used [0x00000000c0000000,0x00000000c1154730,0x00000000c4300000)
 Metaspace       used 30341K, committed 30976K, reserved 1114112K
  class space    used 2963K, committed 3200K, reserved 1048576K
}
Event: 3.794 GC heap after
{Heap after GC invocations=10 (full 1):
 PSYoungGen      total 25088K, used 877K [0x00000000eab00000, 0x00000000ec900000, 0x0000000100000000)
  eden space 23040K, 0% used [0x00000000eab00000,0x00000000eab00000,0x00000000ec180000)
  from space 2048K, 42% used [0x00000000ec580000,0x00000000ec65b4a0,0x00000000ec780000)
  to   space 1536K, 0% used [0x00000000ec780000,0x00000000ec780000,0x00000000ec900000)
 ParOldGen       total 68608K, used 18381K [0x00000000c0000000, 0x00000000c4300000, 0x00000000eab00000)
  object space 68608K, 26% used [0x00000000c0000000,0x00000000c11f3560,0x00000000c4300000)
 Metaspace       used 30341K, committed 30976K, reserved 1114112K
  class space    used 2963K, committed 3200K, reserved 1048576K
}

Dll operation events (10 events):
Event: 0.030 Loaded shared library c:\Users\PeerasinPC\.vscode\extensions\redhat.java-1.24.0-win32-x64\jre\17.0.8.1-win32-x86_64\bin\java.dll
Event: 0.156 Loaded shared library c:\Users\PeerasinPC\.vscode\extensions\redhat.java-1.24.0-win32-x64\jre\17.0.8.1-win32-x86_64\bin\zip.dll
Event: 0.159 Loaded shared library C:\Users\PeerasinPC\.vscode\extensions\redhat.java-1.24.0-win32-x64\jre\17.0.8.1-win32-x86_64\bin\instrument.dll
Event: 0.168 Loaded shared library C:\Users\PeerasinPC\.vscode\extensions\redhat.java-1.24.0-win32-x64\jre\17.0.8.1-win32-x86_64\bin\net.dll
Event: 0.170 Loaded shared library C:\Users\PeerasinPC\.vscode\extensions\redhat.java-1.24.0-win32-x64\jre\17.0.8.1-win32-x86_64\bin\nio.dll
Event: 0.175 Loaded shared library C:\Users\PeerasinPC\.vscode\extensions\redhat.java-1.24.0-win32-x64\jre\17.0.8.1-win32-x86_64\bin\zip.dll
Event: 0.187 Loaded shared library C:\Users\PeerasinPC\.vscode\extensions\redhat.java-1.24.0-win32-x64\jre\17.0.8.1-win32-x86_64\bin\jimage.dll
Event: 0.225 Loaded shared library c:\Users\PeerasinPC\.vscode\extensions\redhat.java-1.24.0-win32-x64\jre\17.0.8.1-win32-x86_64\bin\verify.dll
Event: 2.418 Loaded shared library C:\Users\PeerasinPC\AppData\Roaming\Code\User\globalStorage\redhat.java\1.24.0\config_ss_win\org.eclipse.equinox.launcher\org.eclipse.equinox.launcher.win32.win32.x86_64_1.2.700.v20221108-1024\eclipse_11801.dll
Event: 3.865 Loaded shared library C:\Users\PeerasinPC\AppData\Local\Temp\jna-207372556\jna13819069646274015658.dll

Deoptimization events (20 events):
Event: 3.822 Thread 0x0000027216137ce0 Uncommon trap: trap_request=0xffffff45 fr.pc=0x0000027207b1f0f8 relative=0x0000000000000678
Event: 3.822 Thread 0x0000027216137ce0 Uncommon trap: reason=unstable_if action=reinterpret pc=0x0000027207b1f0f8 method=java.lang.String.replace(Ljava/lang/CharSequence;Ljava/lang/CharSequence;)Ljava/lang/String; @ 42 c2
Event: 3.822 Thread 0x0000027216137ce0 DEOPT PACKING pc=0x0000027207b1f0f8 sp=0x000000c66b2fb9c0
Event: 3.822 Thread 0x0000027216137ce0 DEOPT UNPACKING pc=0x00000272075866a3 sp=0x000000c66b2fb950 mode 2
Event: 3.824 Thread 0x00000272163719d0 Uncommon trap: trap_request=0xffffff45 fr.pc=0x0000027207bfb148 relative=0x0000000000000328
Event: 3.825 Thread 0x00000272163719d0 Uncommon trap: reason=unstable_if action=reinterpret pc=0x0000027207bfb148 method=org.eclipse.core.runtime.Path.computeSegmentCount(Ljava/lang/String;)I @ 6 c2
Event: 3.825 Thread 0x00000272163719d0 DEOPT PACKING pc=0x0000027207bfb148 sp=0x000000c66c2fe200
Event: 3.825 Thread 0x00000272163719d0 DEOPT UNPACKING pc=0x00000272075866a3 sp=0x000000c66c2fe190 mode 2
Event: 3.877 Thread 0x0000027216137ce0 Uncommon trap: trap_request=0xffffff45 fr.pc=0x0000027207b9a1ec relative=0x0000000000000a8c
Event: 3.877 Thread 0x0000027216137ce0 Uncommon trap: reason=unstable_if action=reinterpret pc=0x0000027207b9a1ec method=jdk.internal.org.objectweb.asm.SymbolTable.put(Ljdk/internal/org/objectweb/asm/SymbolTable$Entry;)Ljdk/internal/org/objectweb/asm/SymbolTable$Entry; @ 13 c2
Event: 3.877 Thread 0x0000027216137ce0 DEOPT PACKING pc=0x0000027207b9a1ec sp=0x000000c66b2fbeb0
Event: 3.877 Thread 0x0000027216137ce0 DEOPT UNPACKING pc=0x00000272075866a3 sp=0x000000c66b2fbdf8 mode 2
Event: 3.882 Thread 0x0000027216137ce0 Uncommon trap: trap_request=0xffffff76 fr.pc=0x0000027207c04b80 relative=0x00000000000005c0
Event: 3.883 Thread 0x0000027216137ce0 Uncommon trap: reason=predicate action=maybe_recompile pc=0x0000027207c04b80 method=java.util.TreeMap.getEntryUsingComparator(Ljava/lang/Object;)Ljava/util/TreeMap$Entry; @ 19 c2
Event: 3.883 Thread 0x0000027216137ce0 DEOPT PACKING pc=0x0000027207c04b80 sp=0x000000c66b2fcaa0
Event: 3.883 Thread 0x0000027216137ce0 DEOPT UNPACKING pc=0x00000272075866a3 sp=0x000000c66b2fc9c0 mode 2
Event: 3.901 Thread 0x0000027276478d40 Uncommon trap: trap_request=0xffffff76 fr.pc=0x0000027207bfec84 relative=0x00000000000005c4
Event: 3.901 Thread 0x0000027276478d40 Uncommon trap: reason=predicate action=maybe_recompile pc=0x0000027207bfec84 method=java.util.TreeMap.getEntryUsingComparator(Ljava/lang/Object;)Ljava/util/TreeMap$Entry; @ 19 c2
Event: 3.901 Thread 0x0000027276478d40 DEOPT PACKING pc=0x0000027207bfec84 sp=0x000000c66a2fdde0
Event: 3.901 Thread 0x0000027276478d40 DEOPT UNPACKING pc=0x00000272075866a3 sp=0x000000c66a2fdd90 mode 2

Classes unloaded (7 events):
Event: 2.881 Thread 0x000002727b2efc40 Unloading class 0x000000010021e000 'java/lang/invoke/LambdaForm$MH+0x000000010021e000'
Event: 2.881 Thread 0x000002727b2efc40 Unloading class 0x000000010021dc00 'java/lang/invoke/LambdaForm$MH+0x000000010021dc00'
Event: 2.881 Thread 0x000002727b2efc40 Unloading class 0x000000010021d800 'java/lang/invoke/LambdaForm$MH+0x000000010021d800'
Event: 2.881 Thread 0x000002727b2efc40 Unloading class 0x000000010021d400 'java/lang/invoke/LambdaForm$MH+0x000000010021d400'
Event: 2.881 Thread 0x000002727b2efc40 Unloading class 0x000000010021d000 'java/lang/invoke/LambdaForm$BMH+0x000000010021d000'
Event: 2.881 Thread 0x000002727b2efc40 Unloading class 0x000000010021cc00 'java/lang/invoke/LambdaForm$DMH+0x000000010021cc00'
Event: 2.881 Thread 0x000002727b2efc40 Unloading class 0x000000010021a000 'java/lang/invoke/LambdaForm$DMH+0x000000010021a000'

Classes redefined (0 events):
No events

Internal exceptions (20 events):
Event: 2.872 Thread 0x00000272163719d0 Exception <a 'java/lang/NoSuchMethodError'{0x00000000ebeb69a8}: 'java.lang.Object java.lang.invoke.DirectMethodHandle$Holder.invokeSpecial(java.lang.Object, java.lang.Object, int, java.lang.Object, java.lang.Object)'> (0x00000000ebeb69a8) 
thrown [s\src\hotspot\share\interpreter\linkResolver.cpp, line 759]
Event: 2.872 Thread 0x00000272163719d0 Exception <a 'java/lang/NoSuchMethodError'{0x00000000ebebe078}: 'java.lang.Object java.lang.invoke.DirectMethodHandle$Holder.newInvokeSpecial(java.lang.Object, java.lang.Object, int, java.lang.Object)'> (0x00000000ebebe078) 
thrown [s\src\hotspot\share\interpreter\linkResolver.cpp, line 759]
Event: 2.872 Thread 0x00000272163719d0 Exception <a 'java/lang/NoSuchMethodError'{0x00000000ebec1b88}: 'java.lang.Object java.lang.invoke.DirectMethodHandle$Holder.invokeSpecial(java.lang.Object, java.lang.Object, java.lang.Object, int, java.lang.Object)'> (0x00000000ebec1b88) 
thrown [s\src\hotspot\share\interpreter\linkResolver.cpp, line 759]
Event: 3.127 Thread 0x0000027216137ce0 Exception <a 'java/lang/ClassNotFoundException'{0x00000000ec163f98}: com/sun/org/apache/xerces/internal/impl/msg/spi/DOMMessagesProvider> (0x00000000ec163f98) 
thrown [s\src\hotspot\share\classfile\systemDictionary.cpp, line 256]
Event: 3.128 Thread 0x0000027216137ce0 Implicit null exception at 0x0000027207ba0f00 to 0x0000027207ba1ba8
Event: 3.128 Thread 0x0000027216137ce0 Exception <a 'java/lang/ClassNotFoundException'{0x00000000ec18fee0}: com/sun/org/apache/xerces/internal/impl/msg/spi/XMLSerializerMessagesProvider> (0x00000000ec18fee0) 
thrown [s\src\hotspot\share\classfile\systemDictionary.cpp, line 256]
Event: 3.129 Thread 0x0000027216137ce0 Exception <a 'java/lang/ClassNotFoundException'{0x00000000ec19d168}: com/sun/org/apache/xerces/internal/impl/msg/spi/XMLMessagesProvider> (0x00000000ec19d168) 
thrown [s\src\hotspot\share\classfile\systemDictionary.cpp, line 256]
Event: 3.141 Thread 0x0000027216137ce0 Exception <a 'java/lang/NoSuchMethodError'{0x00000000ec243378}: 'void java.lang.invoke.DirectMethodHandle$Holder.invokeVirtual(java.lang.Object, java.lang.Object)'> (0x00000000ec243378) 
thrown [s\src\hotspot\share\interpreter\linkResolver.cpp, line 759]
Event: 3.657 Thread 0x0000027216137ce0 Exception <a 'java/lang/NoSuchMethodError'{0x00000000eabf2110}: 'java.lang.Object java.lang.invoke.DirectMethodHandle$Holder.invokeStaticInit(java.lang.Object, int, int, int, int)'> (0x00000000eabf2110) 
thrown [s\src\hotspot\share\interpreter\linkResolver.cpp, line 759]
Event: 3.684 Thread 0x0000027216137ce0 Exception <a 'java/lang/NoSuchMethodError'{0x00000000ead34190}: 'java.lang.Object java.lang.invoke.DirectMethodHandle$Holder.invokeStaticInit(java.lang.Object, java.lang.Object, int, int, int, int)'> (0x00000000ead34190) 
thrown [s\src\hotspot\share\interpreter\linkResolver.cpp, line 759]
Event: 3.701 Thread 0x0000027216137ce0 Exception <a 'sun/nio/fs/WindowsException'{0x00000000eaebf780}> (0x00000000eaebf780) 
thrown [s\src\hotspot\share\prims\jni.cpp, line 516]
Event: 3.740 Thread 0x0000027216137ce0 Exception <a 'java/lang/ClassNotFoundException'{0x00000000eb6c9380}: com/sun/org/apache/xml/internal/serializer/spi/XMLEntitiesProvider> (0x00000000eb6c9380) 
thrown [s\src\hotspot\share\classfile\systemDictionary.cpp, line 256]
Event: 3.801 Thread 0x0000027216137ce0 Exception <a 'java/io/FileNotFoundException'{0x00000000eaca34b8}> (0x00000000eaca34b8) 
thrown [s\src\hotspot\share\prims\jni.cpp, line 516]
Event: 3.879 Thread 0x0000027216137ce0 Exception <a 'java/lang/UnsatisfiedLinkError'{0x00000000eb1b77f0}: The specified procedure could not be found.
> (0x00000000eb1b77f0) 
thrown [s\src\hotspot\share\prims\jni.cpp, line 535]
Event: 3.882 Thread 0x0000027216137ce0 Exception <a 'java/io/FileNotFoundException'{0x00000000eb1daac8}> (0x00000000eb1daac8) 
thrown [s\src\hotspot\share\prims\jni.cpp, line 516]
Event: 3.886 Thread 0x0000027216137ce0 Exception <a 'java/io/FileNotFoundException'{0x00000000eb24e4d0}> (0x00000000eb24e4d0) 
thrown [s\src\hotspot\share\prims\jni.cpp, line 516]
Event: 3.891 Thread 0x0000027216137ce0 Exception <a 'java/lang/UnsatisfiedLinkError'{0x00000000eb2db350}: The specified procedure could not be found.
> (0x00000000eb2db350) 
thrown [s\src\hotspot\share\prims\jni.cpp, line 535]
Event: 3.909 Thread 0x0000027276478d40 Exception <a 'java/lang/NoSuchMethodError'{0x00000000eb4b7600}: 'java.lang.Object java.lang.invoke.DirectMethodHandle$Holder.invokeStatic(java.lang.Object, java.lang.Object, long, java.lang.Object)'> (0x00000000eb4b7600) 
thrown [s\src\hotspot\share\interpreter\linkResolver.cpp, line 759]
Event: 3.910 Thread 0x0000027276478d40 Exception <a 'java/lang/NoSuchMethodError'{0x00000000eb4bb098}: 'java.lang.Object java.lang.invoke.DirectMethodHandle$Holder.invokeStaticInit(java.lang.Object, java.lang.Object, long, java.lang.Object)'> (0x00000000eb4bb098) 
thrown [s\src\hotspot\share\interpreter\linkResolver.cpp, line 759]
Event: 3.910 Thread 0x0000027276478d40 Exception <a 'java/lang/NoSuchMethodError'{0x00000000eb4c18f0}: 'java.lang.Object java.lang.invoke.DirectMethodHandle$Holder.newInvokeSpecial(java.lang.Object, java.lang.Object, long)'> (0x00000000eb4c18f0) 
thrown [s\src\hotspot\share\interpreter\linkResolver.cpp, line 759]

VM Operations (20 events):
Event: 3.024 Executing VM operation: ParallelGCFailedAllocation
Event: 3.024 Executing VM operation: ParallelGCFailedAllocation done
Event: 3.154 Executing VM operation: HandshakeAllThreads
Event: 3.154 Executing VM operation: HandshakeAllThreads done
Event: 3.155 Executing VM operation: ParallelGCFailedAllocation
Event: 3.156 Executing VM operation: ParallelGCFailedAllocation done
Event: 3.706 Executing VM operation: HandshakeAllThreads
Event: 3.706 Executing VM operation: HandshakeAllThreads done
Event: 3.753 Executing VM operation: ParallelGCFailedAllocation
Event: 3.754 Executing VM operation: ParallelGCFailedAllocation done
Event: 3.760 Executing VM operation: HandshakeAllThreads
Event: 3.760 Executing VM operation: HandshakeAllThreads done
Event: 3.775 Executing VM operation: ParallelGCFailedAllocation
Event: 3.776 Executing VM operation: ParallelGCFailedAllocation done
Event: 3.794 Executing VM operation: ParallelGCFailedAllocation
Event: 3.795 Executing VM operation: ParallelGCFailedAllocation done
Event: 3.872 Executing VM operation: HandshakeAllThreads
Event: 3.872 Executing VM operation: HandshakeAllThreads done
Event: 3.898 Executing VM operation: HandshakeAllThreads
Event: 3.898 Executing VM operation: HandshakeAllThreads done

Events (20 events):
Event: 3.886 loading class javax/crypto/spec/PBEKeySpec done
Event: 3.889 loading class java/lang/annotation/Documented
Event: 3.889 loading class java/lang/annotation/Documented done
Event: 3.890 loading class java/lang/Class$AnnotationData
Event: 3.890 loading class java/lang/Class$AnnotationData done
Event: 3.890 loading class jdk/internal/reflect/UnsafeBooleanFieldAccessorImpl
Event: 3.890 loading class jdk/internal/reflect/UnsafeBooleanFieldAccessorImpl done
Event: 3.901 loading class java/util/concurrent/Executors$DefaultThreadFactory
Event: 3.901 loading class java/util/concurrent/Executors$DefaultThreadFactory done
Event: 3.909 loading class java/lang/ProcessHandle
Event: 3.909 loading class java/lang/ProcessHandle done
Event: 3.909 loading class java/lang/ProcessHandleImpl
Event: 3.909 loading class java/lang/ProcessHandleImpl done
Event: 3.910 loading class java/lang/ProcessHandleImpl$Info
Event: 3.910 loading class java/lang/ProcessHandle$Info
Event: 3.910 loading class java/lang/ProcessHandle$Info done
Event: 3.910 loading class java/lang/ProcessHandleImpl$Info done
Event: 3.920 Thread 0x00000272163723f0 Thread added: 0x00000272163723f0
Event: 3.924 loading class java/util/concurrent/CompletableFuture
Event: 3.925 loading class java/util/concurrent/CompletableFuture done


Dynamic libraries:
0x00007ff7da630000 - 0x00007ff7da63e000 	c:\Users\PeerasinPC\.vscode\extensions\redhat.java-1.24.0-win32-x64\jre\17.0.8.1-win32-x86_64\bin\java.exe
0x00007ffab3cb0000 - 0x00007ffab3ea7000 	C:\Windows\SYSTEM32\ntdll.dll
0x00007ffab30e0000 - 0x00007ffab319d000 	C:\Windows\System32\KERNEL32.DLL
0x00007ffab17e0000 - 0x00007ffab1ad6000 	C:\Windows\System32\KERNELBASE.dll
0x00007ffab16e0000 - 0x00007ffab17e0000 	C:\Windows\System32\ucrtbase.dll
0x00007ffaa0c80000 - 0x00007ffaa0c97000 	c:\Users\PeerasinPC\.vscode\extensions\redhat.java-1.24.0-win32-x64\jre\17.0.8.1-win32-x86_64\bin\jli.dll
0x00007ffaa0c40000 - 0x00007ffaa0c59000 	c:\Users\PeerasinPC\.vscode\extensions\redhat.java-1.24.0-win32-x64\jre\17.0.8.1-win32-x86_64\bin\VCRUNTIME140.dll
0x00007ffab2520000 - 0x00007ffab26be000 	C:\Windows\System32\USER32.dll
0x00007ffab1ce0000 - 0x00007ffab1d02000 	C:\Windows\System32\win32u.dll
0x00007ffaa2580000 - 0x00007ffaa281a000 	C:\Windows\WinSxS\amd64_microsoft.windows.common-controls_6595b64144ccf1df_6.0.19041.3570_none_60bb2a3971f3e41a\COMCTL32.dll
0x00007ffab30a0000 - 0x00007ffab30cc000 	C:\Windows\System32\GDI32.dll
0x00007ffab1ae0000 - 0x00007ffab1bfa000 	C:\Windows\System32\gdi32full.dll
0x00007ffab2a20000 - 0x00007ffab2abe000 	C:\Windows\System32\msvcrt.dll
0x00007ffab1640000 - 0x00007ffab16dd000 	C:\Windows\System32\msvcp_win.dll
0x00007ffab3210000 - 0x00007ffab3240000 	C:\Windows\System32\IMM32.DLL
0x00007ffaacde0000 - 0x00007ffaacdec000 	c:\Users\PeerasinPC\.vscode\extensions\redhat.java-1.24.0-win32-x64\jre\17.0.8.1-win32-x86_64\bin\vcruntime140_1.dll
0x00007ffa7a8e0000 - 0x00007ffa7a971000 	c:\Users\PeerasinPC\.vscode\extensions\redhat.java-1.24.0-win32-x64\jre\17.0.8.1-win32-x86_64\bin\msvcp140.dll
0x00007ffa718a0000 - 0x00007ffa724ec000 	c:\Users\PeerasinPC\.vscode\extensions\redhat.java-1.24.0-win32-x64\jre\17.0.8.1-win32-x86_64\bin\server\jvm.dll
0x00007ffab3680000 - 0x00007ffab372e000 	C:\Windows\System32\ADVAPI32.dll
0x00007ffab2be0000 - 0x00007ffab2c7c000 	C:\Windows\System32\sechost.dll
0x00007ffab34d0000 - 0x00007ffab35f6000 	C:\Windows\System32\RPCRT4.dll
0x00007ffab0940000 - 0x00007ffab098b000 	C:\Windows\SYSTEM32\POWRPROF.dll
0x00007ffaa4800000 - 0x00007ffaa4827000 	C:\Windows\SYSTEM32\WINMM.dll
0x00007ffaa9cf0000 - 0x00007ffaa9cfa000 	C:\Windows\SYSTEM32\VERSION.dll
0x00007ffa67af0000 - 0x00007ffa67af9000 	C:\Windows\SYSTEM32\WSOCK32.dll
0x00007ffab3600000 - 0x00007ffab366b000 	C:\Windows\System32\ws2_32.DLL
0x00007ffab07b0000 - 0x00007ffab07c2000 	C:\Windows\SYSTEM32\UMPDC.dll
0x00007ffaaf250000 - 0x00007ffaaf262000 	C:\Windows\SYSTEM32\kernel.appcore.dll
0x00007ffaab270000 - 0x00007ffaab27a000 	c:\Users\PeerasinPC\.vscode\extensions\redhat.java-1.24.0-win32-x64\jre\17.0.8.1-win32-x86_64\bin\jimage.dll
0x00007ffaa32d0000 - 0x00007ffaa34b4000 	C:\Windows\SYSTEM32\DBGHELP.DLL
0x00007ffa9ee10000 - 0x00007ffa9ee44000 	C:\Windows\SYSTEM32\dbgcore.DLL
0x00007ffab1400000 - 0x00007ffab1482000 	C:\Windows\System32\bcryptPrimitives.dll
0x00007ffaab220000 - 0x00007ffaab22e000 	c:\Users\PeerasinPC\.vscode\extensions\redhat.java-1.24.0-win32-x64\jre\17.0.8.1-win32-x86_64\bin\instrument.dll
0x00007ffa84e20000 - 0x00007ffa84e45000 	c:\Users\PeerasinPC\.vscode\extensions\redhat.java-1.24.0-win32-x64\jre\17.0.8.1-win32-x86_64\bin\java.dll
0x00007ffaa0b60000 - 0x00007ffaa0b78000 	c:\Users\PeerasinPC\.vscode\extensions\redhat.java-1.24.0-win32-x64\jre\17.0.8.1-win32-x86_64\bin\zip.dll
0x00007ffab1d70000 - 0x00007ffab24b4000 	C:\Windows\System32\SHELL32.dll
0x00007ffaaf450000 - 0x00007ffaafbeb000 	C:\Windows\SYSTEM32\windows.storage.dll
0x00007ffab26c0000 - 0x00007ffab2a14000 	C:\Windows\System32\combase.dll
0x00007ffab0dd0000 - 0x00007ffab0dfd000 	C:\Windows\SYSTEM32\Wldp.dll
0x00007ffab2f40000 - 0x00007ffab2fed000 	C:\Windows\System32\SHCORE.dll
0x00007ffab31a0000 - 0x00007ffab31f5000 	C:\Windows\System32\shlwapi.dll
0x00007ffab12c0000 - 0x00007ffab12e5000 	C:\Windows\SYSTEM32\profapi.dll
0x00007ffaa0a50000 - 0x00007ffaa0a69000 	C:\Users\PeerasinPC\.vscode\extensions\redhat.java-1.24.0-win32-x64\jre\17.0.8.1-win32-x86_64\bin\net.dll
0x00007ffa9df60000 - 0x00007ffa9e06a000 	C:\Windows\SYSTEM32\WINHTTP.dll
0x00007ffab0b30000 - 0x00007ffab0b9a000 	C:\Windows\system32\mswsock.dll
0x00007ffaa0870000 - 0x00007ffaa0885000 	C:\Users\PeerasinPC\.vscode\extensions\redhat.java-1.24.0-win32-x64\jre\17.0.8.1-win32-x86_64\bin\nio.dll
0x00007ffaa6dc0000 - 0x00007ffaa6dd0000 	c:\Users\PeerasinPC\.vscode\extensions\redhat.java-1.24.0-win32-x64\jre\17.0.8.1-win32-x86_64\bin\verify.dll
0x00007ffa92560000 - 0x00007ffa9259e000 	C:\Users\PeerasinPC\AppData\Roaming\Code\User\globalStorage\redhat.java\1.24.0\config_ss_win\org.eclipse.equinox.launcher\org.eclipse.equinox.launcher.win32.win32.x86_64_1.2.700.v20221108-1024\eclipse_11801.dll
0x00007ffab2db0000 - 0x00007ffab2edb000 	C:\Windows\System32\ole32.dll
0x00007ffab0d30000 - 0x00007ffab0d48000 	C:\Windows\SYSTEM32\CRYPTSP.dll
0x00007ffab03d0000 - 0x00007ffab0404000 	C:\Windows\system32\rsaenh.dll
0x00007ffab1cb0000 - 0x00007ffab1cd7000 	C:\Windows\System32\bcrypt.dll
0x00007ffab1280000 - 0x00007ffab12ae000 	C:\Windows\SYSTEM32\USERENV.dll
0x00007ffab0d20000 - 0x00007ffab0d2c000 	C:\Windows\SYSTEM32\CRYPTBASE.dll
0x00007ffab07d0000 - 0x00007ffab080b000 	C:\Windows\SYSTEM32\IPHLPAPI.DLL
0x00007ffab3200000 - 0x00007ffab3208000 	C:\Windows\System32\NSI.dll
0x00007ffaa07c0000 - 0x00007ffaa07d7000 	C:\Windows\SYSTEM32\dhcpcsvc6.DLL
0x00007ffaa1050000 - 0x00007ffaa106d000 	C:\Windows\SYSTEM32\dhcpcsvc.DLL
0x00007ffab0810000 - 0x00007ffab08da000 	C:\Windows\SYSTEM32\DNSAPI.dll
0x00007ffa83c30000 - 0x00007ffa83c75000 	C:\Users\PeerasinPC\AppData\Local\Temp\jna-207372556\jna13819069646274015658.dll
0x00007ffab3670000 - 0x00007ffab3678000 	C:\Windows\System32\PSAPI.DLL

dbghelp: loaded successfully - version: 4.0.5 - missing functions: none
symbol engine: initialized successfully - sym options: 0x614 - pdb path: .;c:\Users\PeerasinPC\.vscode\extensions\redhat.java-1.24.0-win32-x64\jre\17.0.8.1-win32-x86_64\bin;C:\Windows\SYSTEM32;C:\Windows\WinSxS\amd64_microsoft.windows.common-controls_6595b64144ccf1df_6.0.19041.3570_none_60bb2a3971f3e41a;c:\Users\PeerasinPC\.vscode\extensions\redhat.java-1.24.0-win32-x64\jre\17.0.8.1-win32-x86_64\bin\server;C:\Users\PeerasinPC\AppData\Roaming\Code\User\globalStorage\redhat.java\1.24.0\config_ss_win\org.eclipse.equinox.launcher\org.eclipse.equinox.launcher.win32.win32.x86_64_1.2.700.v20221108-1024;C:\Users\PeerasinPC\AppData\Local\Temp\jna-207372556

VM Arguments:
jvm_args: --add-modules=ALL-SYSTEM --add-opens=java.base/java.util=ALL-UNNAMED --add-opens=java.base/java.lang=ALL-UNNAMED --add-opens=java.base/sun.nio.fs=ALL-UNNAMED -Declipse.application=org.eclipse.jdt.ls.core.id1 -Dosgi.bundles.defaultStartLevel=4 -Declipse.product=org.eclipse.jdt.ls.core.product -Djava.import.generatesMetadataFilesAtProjectRoot=false -DDetectVMInstallationsJob.disabled=true -Dfile.encoding=utf8 -XX:+UseParallelGC -XX:GCTimeRatio=4 -XX:AdaptiveSizePolicyWeight=90 -Dsun.zip.disableMemoryMapping=true -Xmx1G -Xms100m -Xlog:disable -javaagent:c:\Users\PeerasinPC\.vscode\extensions\redhat.java-1.24.0-win32-x64\lombok\lombok-1.18.30.jar 
java_command: c:\Users\PeerasinPC\.vscode\extensions\redhat.java-1.24.0-win32-x64\server\plugins\org.eclipse.equinox.launcher_1.6.500.v20230717-2134.jar -configuration c:\Users\PeerasinPC\AppData\Roaming\Code\User\globalStorage\redhat.java\1.24.0\config_ss_win -data c:\Users\PeerasinPC\AppData\Roaming\Code\User\workspaceStorage\7d8cf59796ac9074a32cac04e6e5f274\redhat.java\ss_ws --stdio
java_class_path (initial): c:\Users\PeerasinPC\.vscode\extensions\redhat.java-1.24.0-win32-x64\server\plugins\org.eclipse.equinox.launcher_1.6.500.v20230717-2134.jar
Launcher Type: SUN_STANDARD

[Global flags]
    uintx AdaptiveSizePolicyWeight                 = 90                                        {product} {command line}
     intx CICompilerCount                          = 4                                         {product} {ergonomic}
    uintx GCTimeRatio                              = 4                                         {product} {command line}
   size_t InitialHeapSize                          = 104857600                                 {product} {command line}
   size_t MaxHeapSize                              = 1073741824                                {product} {command line}
   size_t MaxNewSize                               = 357564416                                 {product} {ergonomic}
   size_t MinHeapDeltaBytes                        = 524288                                    {product} {ergonomic}
   size_t MinHeapSize                              = 104857600                                 {product} {command line}
   size_t NewSize                                  = 34603008                                  {product} {ergonomic}
    uintx NonNMethodCodeHeapSize                   = 5839372                                {pd product} {ergonomic}
    uintx NonProfiledCodeHeapSize                  = 122909434                              {pd product} {ergonomic}
   size_t OldSize                                  = 70254592                                  {product} {ergonomic}
    uintx ProfiledCodeHeapSize                     = 122909434                              {pd product} {ergonomic}
    uintx ReservedCodeCacheSize                    = 251658240                              {pd product} {ergonomic}
     bool SegmentedCodeCache                       = true                                      {product} {ergonomic}
   size_t SoftMaxHeapSize                          = 1073741824                             {manageable} {ergonomic}
     bool UseCompressedClassPointers               = true                           {product lp64_product} {ergonomic}
     bool UseCompressedOops                        = true                           {product lp64_product} {ergonomic}
     bool UseLargePagesIndividualAllocation        = false                                  {pd product} {ergonomic}
     bool UseParallelGC                            = true                                      {product} {command line}

Logging:
Log output configuration:
 #0: stdout all=off uptime,level,tags
 #1: stderr all=off uptime,level,tags

Environment Variables:
PATH=C:\Program Files\Common Files\Oracle\Java\javapath;C:\Program Files (x86)\Common Files\Oracle\Java\javapath;C:\Program Files (x86)\Common Files\Intel\Shared Libraries\redist\intel64\compiler;C:\ProgramData\Oracle\Java\javapath;C:\Windows\system32;C:\Windows;C:\Windows\System32\Wbem;C:\Windows\System32\WindowsPowerShell\v1.0\;C:\Windows\System32\OpenSSH\;C:\Program Files (x86)\NVIDIA Corporation\PhysX\Common;C:\Program Files\NVIDIA Corporation\NVIDIA NvDLISR;C:\Program Files\Git\cmd;C:\Program Files\GitHub CLI\;C:\Program Files\nodejs\;C:\Program Files\nodejs;C:\Program Files (x86)\Dev-Cpp\MinGW64\bin;C:\Program Files (x86)\dotnet\;C:\Program Files\Java\jdk-20\bin;C:\Users\PeerasinPC\AppData\Local\Microsoft\WindowsApps;C:\Users\PeerasinPC\AppData\Local\Programs\Microsoft VS Code\bin;C:\Program Files (x86)\SSH Communications Security\SSH Secure Shell;C:\Users\PeerasinPC\AppData\Local\GitHubDesktop\bin;C:\Users\PeerasinPC\AppData\Roaming\npm;C:\Program Files (x86)\Dev-Cpp\MinGW64\bin;C:\Program Files\Java\jdk-20\bin;;C:\Program Files\JetBrains\IntelliJ IDEA 2023.1.4\bin;;C:\Program Files\JetBrains\IntelliJ IDEA Community Edition 2023.2\bin;
USERNAME=PeerasinPC
OS=Windows_NT
PROCESSOR_IDENTIFIER=Intel64 Family 6 Model 151 Stepping 5, GenuineIntel
TMP=C:\Users\PEERAS~1\AppData\Local\Temp
TEMP=C:\Users\PEERAS~1\AppData\Local\Temp



---------------  S Y S T E M  ---------------

OS:
 Windows 10 , 64 bit Build 19041 (10.0.19041.3570)
OS uptime: 0 days 5:05 hours

CPU: total 12 (initial active 12) (6 cores per cpu, 2 threads per core) family 6 model 151 stepping 5 microcode 0x1a, cx8, cmov, fxsr, ht, mmx, 3dnowpref, sse, sse2, sse3, ssse3, sse4.1, sse4.2, popcnt, lzcnt, tsc, tscinvbit, avx, avx2, aes, erms, clmul, bmi1, bmi2, adx, sha, fma, vzeroupper, clflush, clflushopt, clwb
Processor Information for all 12 processors :
  Max Mhz: 2500, Current Mhz: 2500, Mhz Limit: 2500

Memory: 4k page, system-wide physical 16162M (6277M free)
TotalPageFile size 23074M (AvailPageFile size 9565M)
current process WorkingSet (physical memory assigned to process): 168M, peak: 172M
current process commit charge ("private bytes"): 270M, peak: 273M

vm_info: OpenJDK 64-Bit Server VM (17.0.8.1+1) for windows-amd64 JRE (17.0.8.1+1), built on Aug 23 2023 15:29:17 by "admin" with MS VC++ 16.7 (VS2019)

END.
